<?xml version="1.0" encoding="UTF-8"?>
<testsuite name="de.fh_zwickau.oose.zuul05.model.commands.BackCommandTest" tests="1" skipped="0" failures="0" errors="0" timestamp="2022-11-10T22:22:31" hostname="LAIS" time="0.017">
  <properties/>
  <testcase name="testBackCommandWithPrecedentRoom()" classname="de.fh_zwickau.oose.zuul05.model.commands.BackCommandTest" time="0.017"/>
  <system-out><![CDATA[Deine Position: im Ruheraum.
Ausgaunge: unten links
Deine Position: in der Schiff OberflÃ¤che.
Ausgaunge: recht
]]></system-out>
  <system-err><![CDATA[]]></system-err>
</testsuite>
