<?xml version="1.0" encoding="UTF-8"?>
<testsuite name="de.fh_zwickau.oose.zuul05.model.commands.GoCommandTest" tests="4" skipped="0" failures="0" errors="0" timestamp="2022-11-11T00:36:23" hostname="AYMENTKZZ" time="0.007">
  <properties/>
  <testcase name="testGoCommandSetSecondWordAndEcecute()" classname="de.fh_zwickau.oose.zuul05.model.commands.GoCommandTest" time="0.003"/>
  <testcase name="testStartRoom()" classname="de.fh_zwickau.oose.zuul05.model.commands.GoCommandTest" time="0.001"/>
  <testcase name="testGoCommandGetDescription()" classname="de.fh_zwickau.oose.zuul05.model.commands.GoCommandTest" time="0.001"/>
  <testcase name="testIfEssenRaumLockedIs()" classname="de.fh_zwickau.oose.zuul05.model.commands.GoCommandTest" time="0.001"/>
  <system-out><![CDATA[Deine Position: im Ruheraum.
Ausgaunge: unten links
Die Tür ist geschlossen! Du brauchst noch den Schluessel von der schiff Oberfläche, um hier hineinzukommen.
Deine Position: in der Schiff Oberfläche.
Ausgaunge: recht
]]></system-out>
  <system-err><![CDATA[]]></system-err>
</testsuite>
