<?xml version="1.0" encoding="UTF-8"?>
<testsuite name="de.fh_zwickau.oose.zuul05.model.commands.HelpCommandTest" tests="6" skipped="0" failures="0" errors="0" timestamp="2023-01-18T16:28:36" hostname="AYMENTKZZ" time="0.042">
  <properties/>
  <testcase name="testHelpCommandWithCommandEnde()" classname="de.fh_zwickau.oose.zuul05.model.commands.HelpCommandTest" time="0.003"/>
  <testcase name="testHelpCommandWithCommandGehe()" classname="de.fh_zwickau.oose.zuul05.model.commands.HelpCommandTest" time="0.001"/>
  <testcase name="testHelpCommandWithCommandSchlafen()" classname="de.fh_zwickau.oose.zuul05.model.commands.HelpCommandTest" time="0.003"/>
  <testcase name="testHelpCommandWithXYZCommand()" classname="de.fh_zwickau.oose.zuul05.model.commands.HelpCommandTest" time="0.001"/>
  <testcase name="testHelpCommandWithCommandHilfe()" classname="de.fh_zwickau.oose.zuul05.model.commands.HelpCommandTest" time="0.005"/>
  <testcase name="testHelpCommandWithCommandZurueck()" classname="de.fh_zwickau.oose.zuul05.model.commands.HelpCommandTest" time="0.001"/>
  <system-out><![CDATA[]]></system-out>
  <system-err><![CDATA[]]></system-err>
</testsuite>
