<?xml version="1.0" encoding="UTF-8"?>
<testsuite name="de.fh_zwickau.oose.zuul05.model.commands.BackCommandTest" tests="6" skipped="0" failures="0" errors="0" timestamp="2022-11-02T19:54:40" hostname="AYMENTKZZ" time="0.034">
  <properties/>
  <testcase name="testBackCommandGetDescription()" classname="de.fh_zwickau.oose.zuul05.model.commands.BackCommandTest" time="0.016"/>
  <testcase name="testBackCommandFromGetraenkraumToEssenraum()" classname="de.fh_zwickau.oose.zuul05.model.commands.BackCommandTest" time="0.006"/>
  <testcase name="testBackCommandFromObstraumToGetraenkraum()" classname="de.fh_zwickau.oose.zuul05.model.commands.BackCommandTest" time="0.001"/>
  <testcase name="testBackCommandFromSchlaffraumToSchiffsdach()" classname="de.fh_zwickau.oose.zuul05.model.commands.BackCommandTest" time="0.003"/>
  <testcase name="testBackCommandFromEssenraumToSchlaffraum()" classname="de.fh_zwickau.oose.zuul05.model.commands.BackCommandTest" time="0.001"/>
  <testcase name="testBackCommandFromSchiffsdachToObstraum()" classname="de.fh_zwickau.oose.zuul05.model.commands.BackCommandTest" time="0.002"/>
  <system-out><![CDATA[Deine Position: Platz der Kategorie Essen.
Ausgänge: links oben
Deine Position: Platz der Kategorie Getraenke.
Ausgänge: recht links
Deine Position: Platz der Kategorie Essen.
Ausgänge: links oben
Deine Position: Platz der Kategorie Essen.
Ausgänge: links oben
Deine Position: Platz der Kategorie Getraenke.
Ausgänge: recht links
Deine Position: Platz der Kategorie Obst.
Ausgänge: recht oben
Deine Position: Platz der Kategorie Getraenke.
Ausgänge: recht links
Deine Position: Platz der Kategorie Essen.
Ausgänge: links oben
Deine Position: Platz der Kategorie Getraenke.
Ausgänge: recht links
Deine Position: Platz der Kategorie Obst.
Ausgänge: recht oben
Deine Position: in der Schiff Oberfläche.
Ausgänge: recht
Deine Position: im Ruheraum.
Ausgänge: unten links
Deine Position: in der Schiff Oberfläche.
Ausgänge: recht
Deine Position: Platz der Kategorie Essen.
Ausgänge: links oben
Deine Position: im Ruheraum.
Ausgänge: unten links
Deine Position: Platz der Kategorie Essen.
Ausgänge: links oben
Deine Position: Platz der Kategorie Getraenke.
Ausgänge: recht links
Deine Position: Platz der Kategorie Obst.
Ausgänge: recht oben
Deine Position: in der Schiff Oberfläche.
Ausgänge: recht
Deine Position: Platz der Kategorie Obst.
Ausgänge: recht oben
]]></system-out>
  <system-err><![CDATA[]]></system-err>
</testsuite>
