<?xml version="1.0" encoding="UTF-8"?>
<testsuite name="de.fh_zwickau.oose.zuul05.commands.HelpCommandTest" tests="6" skipped="0" failures="0" errors="0" timestamp="2022-10-31T19:51:41" hostname="AMARO-LABTOP" time="0.057">
  <properties/>
  <testcase name="testHelpCommandWithCommandEnde()" classname="de.fh_zwickau.oose.zuul05.commands.HelpCommandTest" time="0.036"/>
  <testcase name="testHelpCommandWithCommandGehe()" classname="de.fh_zwickau.oose.zuul05.commands.HelpCommandTest" time="0.003"/>
  <testcase name="testHelpCommandWithCommandSchlafen()" classname="de.fh_zwickau.oose.zuul05.commands.HelpCommandTest" time="0.001"/>
  <testcase name="testHelpCommandWithCommandEssen()" classname="de.fh_zwickau.oose.zuul05.commands.HelpCommandTest" time="0.002"/>
  <testcase name="testHelpCommandWithCommandHilfe()" classname="de.fh_zwickau.oose.zuul05.commands.HelpCommandTest" time="0.003"/>
  <testcase name="testHelpCommandWithCommandZurueck()" classname="de.fh_zwickau.oose.zuul05.commands.HelpCommandTest" time="0.002"/>
  <system-out><![CDATA[das Spiel verlassen
Beweg in einen anderen Raum
Es gibt viele Möglichkeiten, sich durch Tippen von Raum zu Raum zu bewegen
wie folgt: - gehe links
           - gehe recht
           - gehe unten
           - gehe oben

Ruhe dich aus und mach dich bereit für den nächsten Tag
Selbst füttern
sehe alle möglichen Kommandos
Gehe mal zurueck
]]></system-out>
  <system-err><![CDATA[]]></system-err>
</testsuite>
